<?xml version='1.0'?>
<ns2:test-suite xmlns:ns2='urn:model.allure.qatools.yandex.ru' start='1671153897470' stop='1671153906155'>
    <name>Opencart</name>
    <title>Opencart</title>
    <test-cases>
        <test-case start='1671153897471' status='broken' stop='1671153903224'>
            <name>Deberia buscar MacBook y agregarlo al carrito</name>
            <title>Deberia buscar MacBook y agregarlo al carrito</title>
            <labels>
                <label name='language' value='javascript'/>
                <label name='framework' value='wdio'/>
                <label name='thread' value='0-0'/>
            </labels>
            <parameters>
                <parameter kind='argument' name='browser' value='chrome-108.0.5359.100'/>
            </parameters>
            <steps>
                <step start='1671153900813' status='passed' stop='1671153900813'>
                    <name>Buscar artículo: MacBook</name>
                    <title>Buscar artículo: MacBook</title>
                    <attachments/>
                    <steps/>
                </step>
                <step start='1671153902732' status='passed' stop='1671153902732'>
                    <name>Obtener texto de la barra de búsqueda</name>
                    <title>Obtener texto de la barra de búsqueda</title>
                    <attachments/>
                    <steps/>
                </step>
            </steps>
            <attachments>
                <attachment title='Screenshot' source='bad3d915-9637-48a1-ad06-1ee21811cb40-attachment.png' type='image/png' size='66733'/>
            </attachments>
            <failure>
                <message>product is not defined</message>
                <stack-trace>ReferenceError: product is not defined
                    at ProductPage.producto (C:\Users\flore\Documents\GitHub\test-cases-opencart\pages\/product.page.js:8:49)
                    at ProductPage.ingresarAlProducto (C:\Users\flore\Documents\GitHub\test-cases-opencart\pages\/product.page.js:13:39)
                    at Context.&lt;anonymous> (C:\Users\flore\Documents\GitHub\test-cases-opencart\tests\/carrito.js:18:27)
                    at processTicksAndRejections (node:internal/process/task_queues:95:5)</stack-trace>
            </failure>
        </test-case>
        <test-case start='1671153903224' status='broken' stop='1671153906154'>
            <name>Deberia buscar iPhone y agregarlo al carrito</name>
            <title>Deberia buscar iPhone y agregarlo al carrito</title>
            <labels>
                <label name='language' value='javascript'/>
                <label name='framework' value='wdio'/>
                <label name='thread' value='0-0'/>
            </labels>
            <parameters>
                <parameter kind='argument' name='browser' value='chrome-108.0.5359.100'/>
            </parameters>
            <steps>
                <step start='1671153903840' status='passed' stop='1671153903840'>
                    <name>Buscar artículo: iPhone</name>
                    <title>Buscar artículo: iPhone</title>
                    <attachments/>
                    <steps/>
                </step>
                <step start='1671153905802' status='passed' stop='1671153905802'>
                    <name>Obtener texto de la barra de búsqueda</name>
                    <title>Obtener texto de la barra de búsqueda</title>
                    <attachments/>
                    <steps/>
                </step>
            </steps>
            <attachments>
                <attachment title='Screenshot' source='9ea89416-9263-438d-bdc1-7e6e6bf9274e-attachment.png' type='image/png' size='64195'/>
            </attachments>
            <failure>
                <message>product is not defined</message>
                <stack-trace>ReferenceError: product is not defined
                    at ProductPage.producto (C:\Users\flore\Documents\GitHub\test-cases-opencart\pages\/product.page.js:8:49)
                    at ProductPage.ingresarAlProducto (C:\Users\flore\Documents\GitHub\test-cases-opencart\pages\/product.page.js:13:39)
                    at Context.&lt;anonymous> (C:\Users\flore\Documents\GitHub\test-cases-opencart\tests\/carrito.js:18:27)
                    at processTicksAndRejections (node:internal/process/task_queues:95:5)</stack-trace>
            </failure>
        </test-case>
    </test-cases>
</ns2:test-suite>