<?xml version='1.0'?>
<ns2:test-suite xmlns:ns2='urn:model.allure.qatools.yandex.ru' start='1671150721746' stop='1671150730613'>
    <name>Opencart</name>
    <title>Opencart</title>
    <test-cases>
        <test-case start='1671150721747' status='broken' stop='1671150727158'>
            <name>Deberia buscar MacBook y agregarlo al carrito</name>
            <title>Deberia buscar MacBook y agregarlo al carrito</title>
            <labels>
                <label name='language' value='javascript'/>
                <label name='framework' value='wdio'/>
                <label name='thread' value='0-0'/>
            </labels>
            <parameters>
                <parameter kind='argument' name='browser' value='chrome-108.0.5359.100'/>
            </parameters>
            <steps>
                <step start='1671150725004' status='passed' stop='1671150725004'>
                    <name>Buscar artículo: MacBook</name>
                    <title>Buscar artículo: MacBook</title>
                    <attachments/>
                    <steps/>
                </step>
                <step start='1671150726703' status='passed' stop='1671150726703'>
                    <name>Obtener texto de la barra de búsqueda</name>
                    <title>Obtener texto de la barra de búsqueda</title>
                    <attachments/>
                    <steps/>
                </step>
            </steps>
            <attachments>
                <attachment title='Screenshot' source='bf553d00-e2b2-4228-be51-72fa8938b6ff-attachment.png' type='image/png' size='66733'/>
            </attachments>
            <failure>
                <message>product is not defined</message>
                <stack-trace>ReferenceError: product is not defined
                    at ProductPage.producto (C:\Users\flore\Documents\GitHub\test-cases-opencart\pages\/product.page.js:8:46)
                    at ProductPage.ingresarAlProducto (C:\Users\flore\Documents\GitHub\test-cases-opencart\pages\/product.page.js:13:39)
                    at Context.&lt;anonymous> (C:\Users\flore\Documents\GitHub\test-cases-opencart\tests\/carrito.js:14:27)
                    at processTicksAndRejections (node:internal/process/task_queues:95:5)</stack-trace>
            </failure>
        </test-case>
        <test-case start='1671150727159' status='broken' stop='1671150730606'>
            <name>Deberia buscar iPhone y agregarlo al carrito</name>
            <title>Deberia buscar iPhone y agregarlo al carrito</title>
            <labels>
                <label name='language' value='javascript'/>
                <label name='framework' value='wdio'/>
                <label name='thread' value='0-0'/>
            </labels>
            <parameters>
                <parameter kind='argument' name='browser' value='chrome-108.0.5359.100'/>
            </parameters>
            <steps>
                <step start='1671150727737' status='passed' stop='1671150727737'>
                    <name>Buscar artículo: iPhone</name>
                    <title>Buscar artículo: iPhone</title>
                    <attachments/>
                    <steps/>
                </step>
                <step start='1671150729430' status='passed' stop='1671150729430'>
                    <name>Obtener texto de la barra de búsqueda</name>
                    <title>Obtener texto de la barra de búsqueda</title>
                    <attachments/>
                    <steps/>
                </step>
            </steps>
            <attachments>
                <attachment title='Screenshot' source='b96c8899-ffc9-437b-8935-3f4f90901a08-attachment.png' type='image/png' size='64195'/>
            </attachments>
            <failure>
                <message>product is not defined</message>
                <stack-trace>ReferenceError: product is not defined
                    at ProductPage.producto (C:\Users\flore\Documents\GitHub\test-cases-opencart\pages\/product.page.js:8:46)
                    at ProductPage.ingresarAlProducto (C:\Users\flore\Documents\GitHub\test-cases-opencart\pages\/product.page.js:13:39)
                    at Context.&lt;anonymous> (C:\Users\flore\Documents\GitHub\test-cases-opencart\tests\/carrito.js:14:27)
                    at processTicksAndRejections (node:internal/process/task_queues:95:5)</stack-trace>
            </failure>
        </test-case>
    </test-cases>
</ns2:test-suite>