<?xml version='1.0'?>
<ns2:test-suite xmlns:ns2='urn:model.allure.qatools.yandex.ru' start='1672264592538' stop='1672264599907'>
    <name>Currency</name>
    <title>Currency</title>
    <test-cases>
        <test-case start='1672264592539' status='failed' stop='1672264599905'>
            <name>Should change the currency</name>
            <title>Should change the currency</title>
            <labels>
                <label name='language' value='javascript'/>
                <label name='framework' value='wdio'/>
                <label name='thread' value='0-0'/>
            </labels>
            <parameters>
                <parameter kind='argument' name='browser' value='chrome-108.0.5359.125'/>
            </parameters>
            <steps>
                <step start='1672264596335' status='passed' stop='1672264596335'>
                    <name>Enter currency.</name>
                    <title>Enter currency.</title>
                    <attachments/>
                    <steps/>
                </step>
                <step start='1672264596822' status='passed' stop='1672264596822'>
                    <name>'Change currency to "EUR"'</name>
                    <title>'Change currency to "EUR"'</title>
                    <attachments/>
                    <steps/>
                </step>
            </steps>
            <attachments>
                <attachment title='Screenshot' source='02bbdb8d-0b83-4e7f-aa65-e71f254cf46d-attachment.png' type='image/png' size='158576'/>
                <attachment title='Screenshot' source='36e3abf5-d9fb-420d-9040-8998c5192305-attachment.png' type='image/png' size='159325'/>
            </attachments>
            <failure>
                <message>Error: la barra superior de Opencart no coincide con la original: expected 0.105 to equal +0      
                      actual expected
                      
                      0.105
                      </message>
                <stack-trace>AssertionError: Error: la barra superior de Opencart no coincide con la original: expected 0.105 to equal +0
                    at Context.&lt;anonymous> (C:\Users\flore\Documents\GitHub\test-cases-opencart\tests\/changeCurrency.test.js:15:11)</stack-trace>
            </failure>
        </test-case>
    </test-cases>
</ns2:test-suite>