<?xml version='1.0'?>
<ns2:test-suite xmlns:ns2='urn:model.allure.qatools.yandex.ru' start='1672265403291' stop='1672265413004'>
    <name>Currency</name>
    <title>Currency</title>
    <test-cases>
        <test-case start='1672265403292' status='failed' stop='1672265413002'>
            <name>Should change the currency</name>
            <title>Should change the currency</title>
            <labels>
                <label name='language' value='javascript'/>
                <label name='framework' value='wdio'/>
                <label name='thread' value='0-0'/>
            </labels>
            <parameters>
                <parameter kind='argument' name='browser' value='chrome-108.0.5359.125'/>
            </parameters>
            <steps>
                <step start='1672265409462' status='passed' stop='1672265409462'>
                    <name>Enter currency.</name>
                    <title>Enter currency.</title>
                    <attachments/>
                    <steps/>
                </step>
                <step start='1672265410082' status='passed' stop='1672265410082'>
                    <name>'Change currency to EUR'</name>
                    <title>'Change currency to EUR'</title>
                    <attachments/>
                    <steps/>
                </step>
            </steps>
            <attachments>
                <attachment title='Screenshot' source='0948f0b7-3848-4214-bfee-bacab010bd73-attachment.png' type='image/png' size='162280'/>
                <attachment title='Screenshot' source='227071b9-9b89-491a-9544-6bb7c9743152-attachment.png' type='image/png' size='162935'/>
            </attachments>
            <failure>
                <message>Error: la barra superior de Opencart no coincide con la original: expected 0.105 to equal +0      
                      actual expected
                      
                      0.105
                      </message>
                <stack-trace>AssertionError: Error: la barra superior de Opencart no coincide con la original: expected 0.105 to equal +0
                    at Context.&lt;anonymous> (C:\Users\flore\Documents\GitHub\test-cases-opencart\tests\/changeCurrency.test.js:16:11)</stack-trace>
            </failure>
        </test-case>
    </test-cases>
</ns2:test-suite>